#
# There is insufficient memory for the Java Runtime Environment to continue.
# Native memory allocation (mmap) failed to map 532676608 bytes for G1 virtual space
# Possible reasons:
#   The system is out of physical RAM or swap space
#   The process is running with CompressedOops enabled, and the Java Heap may be blocking the growth of the native heap
# Possible solutions:
#   Reduce memory load on the system
#   Increase physical memory or swap space
#   Check if swap backing store is full
#   Decrease Java heap size (-Xmx/-Xms)
#   Decrease number of Java threads
#   Decrease Java thread stack sizes (-Xss)
#   Set larger code cache with -XX:ReservedCodeCacheSize=
#   JVM is running with Zero Based Compressed Oops mode in which the Java heap is
#     placed in the first 32GB address space. The Java Heap base address is the
#     maximum limit for the native heap growth. Please use -XX:HeapBaseMinAddress
#     to set the Java Heap base and to place the Java Heap above 32GB virtual address.
# This output file may be truncated or incomplete.
#
#  Out of Memory Error (os_windows.cpp:3613), pid=19392, tid=18804
#
# JRE version:  (17.0.10+7) (build )
# Java VM: OpenJDK 64-Bit Server VM (17.0.10+7-LTS, mixed mode, sharing, tiered, compressed oops, compressed class ptrs, g1 gc, windows-amd64)
# No core dump will be written. Minidumps are not enabled by default on client versions of Windows
#

---------------  S U M M A R Y ------------

Command Line: -Dmaven.multiModuleProjectDirectory=C:\Users\rayen\IdeaProjects\ourProject\Reactions -Djansi.passthrough=true -Dmaven.home=C:\Users\rayen\.m2\wrapper\dists\apache-maven-3.9.5-bin\2adeog8mj13csp1uusqnc1f2mo\apache-maven-3.9.5 -Dclassworlds.conf=C:\Users\rayen\.m2\wrapper\dists\apache-maven-3.9.5-bin\2adeog8mj13csp1uusqnc1f2mo\apache-maven-3.9.5\bin\m2.conf -Dmaven.ext.class.path=C:\Program Files\JetBrains\IntelliJ IDEA 2023.3.4\plugins\maven\lib\maven-event-listener.jar -javaagent:C:\Program Files\JetBrains\IntelliJ IDEA 2023.3.4\lib\idea_rt.jar=58025:C:\Program Files\JetBrains\IntelliJ IDEA 2023.3.4\bin -Dfile.encoding=UTF-8 org.codehaus.classworlds.Launcher -Didea.version=2023.3.4 clean install -DskipTests

Host: 13th Gen Intel(R) Core(TM) i5-13450HX, 16 cores, 31G,  Windows 11 , 64 bit Build 22621 (10.0.22621.3374)
Time: Fri Apr 12 00:42:49 2024 W. Central Africa Standard Time elapsed time: 0.007507 seconds (0d 0h 0m 0s)

---------------  T H R E A D  ---------------

Current thread (0x000001a77b93d590):  JavaThread "Unknown thread" [_thread_in_vm, id=18804, stack(0x00000078c7600000,0x00000078c7700000)]

Stack: [0x00000078c7600000,0x00000078c7700000]
Native frames: (J=compiled Java code, j=interpreted, Vv=VM code, C=native code)
V  [jvm.dll+0x67d2c9]
V  [jvm.dll+0x834b1a]
V  [jvm.dll+0x8365de]
V  [jvm.dll+0x836c43]
V  [jvm.dll+0x2477ff]
V  [jvm.dll+0x67a109]
V  [jvm.dll+0x66eb7a]
V  [jvm.dll+0x30764b]
V  [jvm.dll+0x30eaf6]
V  [jvm.dll+0x35e83e]
V  [jvm.dll+0x35ea6f]
V  [jvm.dll+0x2de248]
V  [jvm.dll+0x2df1b4]
V  [jvm.dll+0x806381]
V  [jvm.dll+0x36c6f1]
V  [jvm.dll+0x7e4e26]
V  [jvm.dll+0x3eff3f]
V  [jvm.dll+0x3f1b71]
C  [jli.dll+0x528f]
C  [ucrtbase.dll+0x29333]
C  [KERNEL32.DLL+0x1257d]
C  [ntdll.dll+0x5aa48]


---------------  P R O C E S S  ---------------

Threads class SMR info:
_java_thread_list=0x00007ffca4e6ee98, length=0, elements={
}

Java Threads: ( => current thread )

Other Threads:
  0x000001a77f320780 GCTaskThread "GC Thread#0" [stack: 0x00000078c7700000,0x00000078c7800000] [id=30752]
  0x000001a77b9ba4c0 ConcurrentGCThread "G1 Main Marker" [stack: 0x00000078c7800000,0x00000078c7900000] [id=6300]
  0x000001a77b9baee0 ConcurrentGCThread "G1 Conc#0" [stack: 0x00000078c7900000,0x00000078c7a00000] [id=33320]

[error occurred during error reporting (printing all threads), id 0xc0000005, EXCEPTION_ACCESS_VIOLATION (0xc0000005) at pc=0x00007ffca462ec87]

VM state: not at safepoint (not fully initialized)

VM Mutex/Monitor currently owned by a thread:  ([mutex/lock_event])
[0x000001a77b9398d0] Heap_lock - owner thread: 0x000001a77b93d590

Heap address: 0x0000000604c00000, size: 8116 MB, Compressed Oops mode: Zero based, Oop shift amount: 3

CDS archive(s) mapped at: [0x0000000000000000-0x0000000000000000-0x0000000000000000), size 0, SharedBaseAddress: 0x0000000800000000, ArchiveRelocationMode: 1.
Narrow klass base: 0x0000000000000000, Narrow klass shift: 0, Narrow klass range: 0x0

GC Precious Log:
<Empty>

Heap:
 garbage-first heap   total 0K, used 0K [0x0000000604c00000, 0x0000000800000000)
  region size 4096K, 0 young (0K), 0 survivors (0K)

[error occurred during error reporting (printing heap information), id 0xc0000005, EXCEPTION_ACCESS_VIOLATION (0xc0000005) at pc=0x00007ffca4a16fb9]

GC Heap History (0 events):
No events

Dll operation events (1 events):
Event: 0.005 Loaded shared library C:\Users\rayen\.jdks\corretto-17.0.10\bin\java.dll

Deoptimization events (0 events):
No events

Classes unloaded (0 events):
No events

Classes redefined (0 events):
No events

Internal exceptions (0 events):
No events

VM Operations (0 events):
No events

Events (0 events):
No events


Dynamic libraries:
0x00007ff71e380000 - 0x00007ff71e38e000 	C:\Users\rayen\.jdks\corretto-17.0.10\bin\java.exe
0x00007ffd633d0000 - 0x00007ffd635e6000 	C:\WINDOWS\SYSTEM32\ntdll.dll
0x00007ffd61570000 - 0x00007ffd61634000 	C:\WINDOWS\System32\KERNEL32.DLL
0x00007ffd60760000 - 0x00007ffd60b07000 	C:\WINDOWS\System32\KERNELBASE.dll
0x00007ffd60ec0000 - 0x00007ffd60fd1000 	C:\WINDOWS\System32\ucrtbase.dll
0x00007ffd58120000 - 0x00007ffd58137000 	C:\Users\rayen\.jdks\corretto-17.0.10\bin\jli.dll
0x00007ffd58100000 - 0x00007ffd5811b000 	C:\Users\rayen\.jdks\corretto-17.0.10\bin\VCRUNTIME140.dll
0x00007ffd61a50000 - 0x00007ffd61bfe000 	C:\WINDOWS\System32\USER32.dll
0x00007ffd60c70000 - 0x00007ffd60c96000 	C:\WINDOWS\System32\win32u.dll
0x00007ffd4fee0000 - 0x00007ffd50173000 	C:\WINDOWS\WinSxS\amd64_microsoft.windows.common-controls_6595b64144ccf1df_6.0.22621.3235_none_270f74e173860f98\COMCTL32.dll
0x00007ffd61640000 - 0x00007ffd61669000 	C:\WINDOWS\System32\GDI32.dll
0x00007ffd62850000 - 0x00007ffd628f7000 	C:\WINDOWS\System32\msvcrt.dll
0x00007ffd60fe0000 - 0x00007ffd610f9000 	C:\WINDOWS\System32\gdi32full.dll
0x00007ffd60b10000 - 0x00007ffd60baa000 	C:\WINDOWS\System32\msvcp_win.dll
0x00007ffd620b0000 - 0x00007ffd620e1000 	C:\WINDOWS\System32\IMM32.DLL
0x00007ffd5d030000 - 0x00007ffd5d03c000 	C:\Users\rayen\.jdks\corretto-17.0.10\bin\vcruntime140_1.dll
0x00007ffd17e70000 - 0x00007ffd17efd000 	C:\Users\rayen\.jdks\corretto-17.0.10\bin\msvcp140.dll
0x00007ffca4340000 - 0x00007ffca4fa2000 	C:\Users\rayen\.jdks\corretto-17.0.10\bin\server\jvm.dll
0x00007ffd61300000 - 0x00007ffd613b2000 	C:\WINDOWS\System32\ADVAPI32.dll
0x00007ffd626c0000 - 0x00007ffd62768000 	C:\WINDOWS\System32\sechost.dll
0x00007ffd60e10000 - 0x00007ffd60e38000 	C:\WINDOWS\System32\bcrypt.dll
0x00007ffd61c20000 - 0x00007ffd61d35000 	C:\WINDOWS\System32\RPCRT4.dll
0x00007ffd59180000 - 0x00007ffd59189000 	C:\WINDOWS\SYSTEM32\WSOCK32.dll
0x00007ffd5f590000 - 0x00007ffd5f5dd000 	C:\WINDOWS\SYSTEM32\POWRPROF.dll
0x00007ffd580a0000 - 0x00007ffd580d4000 	C:\WINDOWS\SYSTEM32\WINMM.dll
0x00007ffd62770000 - 0x00007ffd627e1000 	C:\WINDOWS\System32\WS2_32.dll
0x00007ffd56b80000 - 0x00007ffd56b8a000 	C:\WINDOWS\SYSTEM32\VERSION.dll
0x00007ffd5f570000 - 0x00007ffd5f583000 	C:\WINDOWS\SYSTEM32\UMPDC.dll
0x00007ffd5f820000 - 0x00007ffd5f838000 	C:\WINDOWS\SYSTEM32\kernel.appcore.dll
0x00007ffd580f0000 - 0x00007ffd580fa000 	C:\Users\rayen\.jdks\corretto-17.0.10\bin\jimage.dll
0x00007ffd5dab0000 - 0x00007ffd5dce3000 	C:\WINDOWS\SYSTEM32\DBGHELP.DLL
0x00007ffd61670000 - 0x00007ffd619f8000 	C:\WINDOWS\System32\combase.dll
0x00007ffd620f0000 - 0x00007ffd621c7000 	C:\WINDOWS\System32\OLEAUT32.dll
0x00007ffd56b10000 - 0x00007ffd56b42000 	C:\WINDOWS\SYSTEM32\dbgcore.DLL
0x00007ffd60e40000 - 0x00007ffd60eb9000 	C:\WINDOWS\System32\bcryptPrimitives.dll
0x00007ffd5cff0000 - 0x00007ffd5cffe000 	C:\Users\rayen\.jdks\corretto-17.0.10\bin\instrument.dll
0x00007ffd43dc0000 - 0x00007ffd43de5000 	C:\Users\rayen\.jdks\corretto-17.0.10\bin\java.dll

dbghelp: loaded successfully - version: 4.0.5 - missing functions: none
symbol engine: initialized successfully - sym options: 0x614 - pdb path: .;C:\Users\rayen\.jdks\corretto-17.0.10\bin;C:\WINDOWS\SYSTEM32;C:\WINDOWS\WinSxS\amd64_microsoft.windows.common-controls_6595b64144ccf1df_6.0.22621.3235_none_270f74e173860f98;C:\Users\rayen\.jdks\corretto-17.0.10\bin\server

VM Arguments:
jvm_args: -Dmaven.multiModuleProjectDirectory=C:\Users\rayen\IdeaProjects\ourProject\Reactions -Djansi.passthrough=true -Dmaven.home=C:\Users\rayen\.m2\wrapper\dists\apache-maven-3.9.5-bin\2adeog8mj13csp1uusqnc1f2mo\apache-maven-3.9.5 -Dclassworlds.conf=C:\Users\rayen\.m2\wrapper\dists\apache-maven-3.9.5-bin\2adeog8mj13csp1uusqnc1f2mo\apache-maven-3.9.5\bin\m2.conf -Dmaven.ext.class.path=C:\Program Files\JetBrains\IntelliJ IDEA 2023.3.4\plugins\maven\lib\maven-event-listener.jar -javaagent:C:\Program Files\JetBrains\IntelliJ IDEA 2023.3.4\lib\idea_rt.jar=58025:C:\Program Files\JetBrains\IntelliJ IDEA 2023.3.4\bin -Dfile.encoding=UTF-8 
java_command: org.codehaus.classworlds.Launcher -Didea.version=2023.3.4 clean install -DskipTests
java_class_path (initial): C:\Users\rayen\.m2\wrapper\dists\apache-maven-3.9.5-bin\2adeog8mj13csp1uusqnc1f2mo\apache-maven-3.9.5\boot\plexus-classworlds-2.7.0.jar;C:\Users\rayen\.m2\wrapper\dists\apache-maven-3.9.5-bin\2adeog8mj13csp1uusqnc1f2mo\apache-maven-3.9.5\boot\plexus-classworlds.license
Launcher Type: SUN_STANDARD

[Global flags]
     intx CICompilerCount                          = 12                                        {product} {ergonomic}
     uint ConcGCThreads                            = 3                                         {product} {ergonomic}
     uint G1ConcRefinementThreads                  = 13                                        {product} {ergonomic}
   size_t G1HeapRegionSize                         = 4194304                                   {product} {ergonomic}
    uintx GCDrainStackTargetSize                   = 64                                        {product} {ergonomic}
   size_t InitialHeapSize                          = 532676608                                 {product} {ergonomic}
   size_t MarkStackSize                            = 4194304                                   {product} {ergonomic}
   size_t MaxHeapSize                              = 8510242816                                {product} {ergonomic}
   size_t MinHeapDeltaBytes                        = 4194304                                   {product} {ergonomic}
   size_t MinHeapSize                              = 8388608                                   {product} {ergonomic}
    uintx NonNMethodCodeHeapSize                   = 7602480                                {pd product} {ergonomic}
    uintx NonProfiledCodeHeapSize                  = 122027880                              {pd product} {ergonomic}
    uintx ProfiledCodeHeapSize                     = 122027880                              {pd product} {ergonomic}
    uintx ReservedCodeCacheSize                    = 251658240                              {pd product} {ergonomic}
     bool SegmentedCodeCache                       = true                                      {product} {ergonomic}
   size_t SoftMaxHeapSize                          = 8510242816                             {manageable} {ergonomic}
     bool UseCompressedClassPointers               = true                           {product lp64_product} {ergonomic}
     bool UseCompressedOops                        = true                           {product lp64_product} {ergonomic}
     bool UseG1GC                                  = true                                      {product} {ergonomic}
     bool UseLargePagesIndividualAllocation        = false                                  {pd product} {ergonomic}

Logging:
Log output configuration:
 #0: stdout all=warning uptime,level,tags
 #1: stderr all=off uptime,level,tags

Environment Variables:
JAVA_HOME=C:\Program Files\Java\jdk-17
PATH=C:\Program Files\Common Files\Oracle\Java\javapath;C:\Python312\Scripts\;C:\Python312\;C:\Windows\system32;C:\Windows;C:\Windows\System32\Wbem;C:\Windows\System32\WindowsPowerShell\v1.0\;C:\Windows\System32\OpenSSH\;C:\Program Files\dotnet\;C:\Program Files (x86)\NVIDIA Corporation\PhysX\Common;C:\Program Files\NVIDIA Corporation\NVIDIA NvDLISR;C:\WINDOWS\system32;C:\WINDOWS;C:\WINDOWS\System32\Wbem;C:\WINDOWS\System32\WindowsPowerShell\v1.0\;C:\WINDOWS\System32\OpenSSH\;C:\Program Files\Git\cmd;C:\Program Files\Docker\Docker\resources\bin;C:\ProgramData\chocolatey\bin;C:\Users\rayen\AppData\Roaming\nvm;C:\Program Files\nodejs;C:\Program Files\Java\jdk-17\bin;C:\Users\rayen\AppData\Local\Microsoft\WindowsApps;C:\Program Files\JetBrains\IntelliJ IDEA 2023.3.4\bin;;C:\Users\rayen\AppData\Local\Programs\Microsoft VS Code\bin;C:\Users\rayen\AppData\Roaming\npm;C:\Users\rayen\AppData\Roaming\nvm;C:\Program Files\nodejs
USERNAME=rayen
OS=Windows_NT
PROCESSOR_IDENTIFIER=Intel64 Family 6 Model 183 Stepping 1, GenuineIntel
TMP=C:\Users\rayen\AppData\Local\Temp
TEMP=C:\Users\rayen\AppData\Local\Temp



Periodic native trim disabled


---------------  S Y S T E M  ---------------

OS:
 Windows 11 , 64 bit Build 22621 (10.0.22621.3374)
OS uptime: 0 days 4:25 hours
Hyper-V role detected

CPU: total 16 (initial active 16) (8 cores per cpu, 2 threads per core) family 6 model 183 stepping 1 microcode 0x112, cx8, cmov, fxsr, ht, mmx, 3dnowpref, sse, sse2, sse3, ssse3, sse4.1, sse4.2, popcnt, lzcnt, tsc, tscinvbit, avx, avx2, aes, erms, clmul, bmi1, bmi2, adx, sha, fma, vzeroupper, clflush, clflushopt, clwb, hv
Processor Information for processor 0
  Max Mhz: 2400, Current Mhz: 2400, Mhz Limit: 2400
Processor Information for processor 1
  Max Mhz: 2400, Current Mhz: 2400, Mhz Limit: 2400
Processor Information for processor 2
  Max Mhz: 2400, Current Mhz: 2400, Mhz Limit: 2400
Processor Information for processor 3
  Max Mhz: 2400, Current Mhz: 2400, Mhz Limit: 2400
Processor Information for processor 4
  Max Mhz: 2400, Current Mhz: 2400, Mhz Limit: 2400
Processor Information for processor 5
  Max Mhz: 2400, Current Mhz: 2400, Mhz Limit: 2400
Processor Information for processor 6
  Max Mhz: 2400, Current Mhz: 2400, Mhz Limit: 2400
Processor Information for processor 7
  Max Mhz: 2400, Current Mhz: 2400, Mhz Limit: 2400
Processor Information for processor 8
  Max Mhz: 2400, Current Mhz: 2400, Mhz Limit: 2400
Processor Information for processor 9
  Max Mhz: 2400, Current Mhz: 2400, Mhz Limit: 2400
Processor Information for processor 10
  Max Mhz: 2400, Current Mhz: 2400, Mhz Limit: 2400
Processor Information for processor 11
  Max Mhz: 2400, Current Mhz: 2400, Mhz Limit: 2400
Processor Information for processor 12
  Max Mhz: 2400, Current Mhz: 1500, Mhz Limit: 1800
Processor Information for processor 13
  Max Mhz: 2400, Current Mhz: 1500, Mhz Limit: 1800
Processor Information for processor 14
  Max Mhz: 2400, Current Mhz: 1500, Mhz Limit: 1800
Processor Information for processor 15
  Max Mhz: 2400, Current Mhz: 1500, Mhz Limit: 1800

Memory: 4k page, system-wide physical 32452M (9268M free)
TotalPageFile size 32452M (AvailPageFile size 351M)
current process WorkingSet (physical memory assigned to process): 11M, peak: 11M
current process commit charge ("private bytes"): 71M, peak: 579M

vm_info: OpenJDK 64-Bit Server VM (17.0.10+7-LTS) for windows-amd64 JRE (17.0.10+7-LTS), built on Jan 10 2024 22:11:07 by "Administrator" with MS VC++ 16.10 / 16.11 (VS2019)

END.
